<?xml version="1.0" encoding="UTF-8"?>
<coverage generated="1780050075464" clover="3.2.0">
  <project timestamp="1780050075465" name="All files">
    <metrics statements="24" coveredstatements="24" conditionals="22" coveredconditionals="21" methods="6" coveredmethods="6" elements="52" coveredelements="51" complexity="0" loc="24" ncloc="24" packages="1" files="1" classes="1"/>
    <file name="Index.js" path="/home/ruslan/lr3-js/Index.js">
      <metrics statements="24" coveredstatements="24" conditionals="22" coveredconditionals="21" methods="6" coveredmethods="6"/>
      <line num="12" count="15" type="cond" truecount="8" falsecount="0"/>
      <line num="14" count="2" type="stmt"/>
      <line num="16" count="13" type="stmt"/>
      <line num="17" count="13" type="stmt"/>
      <line num="18" count="13" type="stmt"/>
      <line num="23" count="51" type="cond" truecount="2" falsecount="0"/>
      <line num="31" count="17" type="cond" truecount="2" falsecount="0"/>
      <line num="32" count="16" type="stmt"/>
      <line num="33" count="16" type="stmt"/>
      <line num="34" count="44" type="cond" truecount="2" falsecount="0"/>
      <line num="35" count="41" type="stmt"/>
      <line num="36" count="41" type="stmt"/>
      <line num="37" count="159" type="cond" truecount="2" falsecount="0"/>
      <line num="38" count="159" type="cond" truecount="1" falsecount="1"/>
      <line num="39" count="159" type="stmt"/>
      <line num="47" count="7" type="cond" truecount="2" falsecount="0"/>
      <line num="48" count="4" type="stmt"/>
      <line num="49" count="4" type="stmt"/>
      <line num="50" count="4" type="stmt"/>
      <line num="51" count="5" type="cond" truecount="2" falsecount="0"/>
      <line num="52" count="7" type="stmt"/>
      <line num="54" count="4" type="stmt"/>
      <line num="59" count="3" type="stmt"/>
      <line num="63" count="1" type="stmt"/>
    </file>
  </project>
</coverage>
