<?xml version="1.0" encoding="UTF-8"?>
<coverage generated="1779027698223" clover="3.2.0">
  <project timestamp="1779027698223" name="All files">
    <metrics statements="22" coveredstatements="22" conditionals="18" coveredconditionals="18" methods="5" coveredmethods="5" elements="45" coveredelements="45" complexity="0" loc="22" ncloc="22" packages="1" files="1" classes="1"/>
    <file name="Index.js" path="/home/ruslan/lr3-js/Index.js">
      <metrics statements="22" coveredstatements="22" conditionals="18" coveredconditionals="18" methods="5" coveredmethods="5"/>
      <line num="3" count="15" type="cond" truecount="4" falsecount="0"/>
      <line num="4" count="2" type="stmt"/>
      <line num="6" count="13" type="stmt"/>
      <line num="7" count="13" type="stmt"/>
      <line num="8" count="13" type="stmt"/>
      <line num="12" count="17" type="cond" truecount="2" falsecount="0"/>
      <line num="13" count="16" type="stmt"/>
      <line num="14" count="16" type="stmt"/>
      <line num="15" count="44" type="cond" truecount="4" falsecount="0"/>
      <line num="16" count="41" type="stmt"/>
      <line num="17" count="41" type="stmt"/>
      <line num="18" count="159" type="cond" truecount="2" falsecount="0"/>
      <line num="19" count="159" type="stmt"/>
      <line num="25" count="7" type="cond" truecount="4" falsecount="0"/>
      <line num="26" count="4" type="stmt"/>
      <line num="27" count="4" type="stmt"/>
      <line num="28" count="4" type="stmt"/>
      <line num="29" count="5" type="cond" truecount="2" falsecount="0"/>
      <line num="30" count="7" type="stmt"/>
      <line num="32" count="4" type="stmt"/>
      <line num="36" count="3" type="stmt"/>
      <line num="40" count="1" type="stmt"/>
    </file>
  </project>
</coverage>
