{"/home/ruslan/lr3-js/Index.js": {"path":"/home/ruslan/lr3-js/Index.js","statementMap":{"0":{"start":{"line":12,"column":4},"end":{"line":15,"column":5}},"1":{"start":{"line":14,"column":6},"end":{"line":14,"column":53}},"2":{"start":{"line":16,"column":4},"end":{"line":16,"column":17}},"3":{"start":{"line":17,"column":4},"end":{"line":17,"column":33}},"4":{"start":{"line":18,"column":4},"end":{"line":18,"column":27}},"5":{"start":{"line":23,"column":4},"end":{"line":23,"column":37}},"6":{"start":{"line":31,"column":4},"end":{"line":31,"column":58}},"7":{"start":{"line":31,"column":17},"end":{"line":31,"column":58}},"8":{"start":{"line":32,"column":4},"end":{"line":32,"column":23}},"9":{"start":{"line":33,"column":4},"end":{"line":42,"column":5}},"10":{"start":{"line":34,"column":6},"end":{"line":34,"column":40}},"11":{"start":{"line":34,"column":31},"end":{"line":34,"column":40}},"12":{"start":{"line":35,"column":20},"end":{"line":35,"column":52}},"13":{"start":{"line":36,"column":6},"end":{"line":41,"column":7}},"14":{"start":{"line":37,"column":8},"end":{"line":37,"column":60}},"15":{"start":{"line":37,"column":35},"end":{"line":37,"column":60}},"16":{"start":{"line":38,"column":8},"end":{"line":40,"column":9}},"17":{"start":{"line":39,"column":10},"end":{"line":39,"column":43}},"18":{"start":{"line":47,"column":4},"end":{"line":47,"column":39}},"19":{"start":{"line":47,"column":29},"end":{"line":47,"column":39}},"20":{"start":{"line":48,"column":18},"end":{"line":48,"column":50}},"21":{"start":{"line":49,"column":19},"end":{"line":49,"column":28}},"22":{"start":{"line":50,"column":4},"end":{"line":53,"column":5}},"23":{"start":{"line":51,"column":20},"end":{"line":51,"column":46}},"24":{"start":{"line":52,"column":6},"end":{"line":52,"column":48}},"25":{"start":{"line":52,"column":29},"end":{"line":52,"column":46}},"26":{"start":{"line":54,"column":4},"end":{"line":54,"column":23}},"27":{"start":{"line":59,"column":4},"end":{"line":59,"column":27}},"28":{"start":{"line":63,"column":0},"end":{"line":63,"column":23}}},"fnMap":{"0":{"name":"(anonymous_0)","decl":{"start":{"line":11,"column":2},"end":{"line":11,"column":3}},"loc":{"start":{"line":11,"column":30},"end":{"line":19,"column":3}},"line":11},"1":{"name":"(anonymous_1)","decl":{"start":{"line":22,"column":2},"end":{"line":22,"column":3}},"loc":{"start":{"line":22,"column":15},"end":{"line":24,"column":3}},"line":22},"2":{"name":"(anonymous_2)","decl":{"start":{"line":30,"column":2},"end":{"line":30,"column":3}},"loc":{"start":{"line":30,"column":16},"end":{"line":43,"column":3}},"line":30},"3":{"name":"(anonymous_3)","decl":{"start":{"line":46,"column":2},"end":{"line":46,"column":3}},"loc":{"start":{"line":46,"column":16},"end":{"line":55,"column":3}},"line":46},"4":{"name":"(anonymous_4)","decl":{"start":{"line":52,"column":20},"end":{"line":52,"column":21}},"loc":{"start":{"line":52,"column":29},"end":{"line":52,"column":46}},"line":52},"5":{"name":"(anonymous_5)","decl":{"start":{"line":58,"column":2},"end":{"line":58,"column":3}},"loc":{"start":{"line":58,"column":17},"end":{"line":60,"column":3}},"line":58}},"branchMap":{"0":{"loc":{"start":{"line":12,"column":4},"end":{"line":15,"column":5}},"type":"if","locations":[{"start":{"line":12,"column":4},"end":{"line":15,"column":5}},{"start":{},"end":{}}],"line":12},"1":{"loc":{"start":{"line":12,"column":8},"end":{"line":13,"column":90}},"type":"binary-expr","locations":[{"start":{"line":12,"column":8},"end":{"line":12,"column":30}},{"start":{"line":12,"column":34},"end":{"line":12,"column":55}},{"start":{"line":12,"column":59},"end":{"line":12,"column":66}},{"start":{"line":13,"column":8},"end":{"line":13,"column":38}},{"start":{"line":13,"column":42},"end":{"line":13,"column":71}},{"start":{"line":13,"column":75},"end":{"line":13,"column":90}}],"line":12},"2":{"loc":{"start":{"line":23,"column":11},"end":{"line":23,"column":36}},"type":"binary-expr","locations":[{"start":{"line":23,"column":11},"end":{"line":23,"column":15}},{"start":{"line":23,"column":19},"end":{"line":23,"column":36}}],"line":23},"3":{"loc":{"start":{"line":31,"column":4},"end":{"line":31,"column":58}},"type":"if","locations":[{"start":{"line":31,"column":4},"end":{"line":31,"column":58}},{"start":{},"end":{}}],"line":31},"4":{"loc":{"start":{"line":34,"column":6},"end":{"line":34,"column":40}},"type":"if","locations":[{"start":{"line":34,"column":6},"end":{"line":34,"column":40}},{"start":{},"end":{}}],"line":34},"5":{"loc":{"start":{"line":37,"column":8},"end":{"line":37,"column":60}},"type":"if","locations":[{"start":{"line":37,"column":8},"end":{"line":37,"column":60}},{"start":{},"end":{}}],"line":37},"6":{"loc":{"start":{"line":38,"column":8},"end":{"line":40,"column":9}},"type":"if","locations":[{"start":{"line":38,"column":8},"end":{"line":40,"column":9}},{"start":{},"end":{}}],"line":38},"7":{"loc":{"start":{"line":47,"column":4},"end":{"line":47,"column":39}},"type":"if","locations":[{"start":{"line":47,"column":4},"end":{"line":47,"column":39}},{"start":{},"end":{}}],"line":47},"8":{"loc":{"start":{"line":51,"column":20},"end":{"line":51,"column":46}},"type":"binary-expr","locations":[{"start":{"line":51,"column":20},"end":{"line":51,"column":40}},{"start":{"line":51,"column":44},"end":{"line":51,"column":46}}],"line":51}},"s":{"0":15,"1":2,"2":13,"3":13,"4":13,"5":51,"6":17,"7":1,"8":16,"9":16,"10":44,"11":3,"12":41,"13":41,"14":159,"15":133,"16":159,"17":159,"18":7,"19":3,"20":4,"21":4,"22":4,"23":5,"24":5,"25":7,"26":4,"27":3,"28":1},"f":{"0":15,"1":51,"2":17,"3":7,"4":7,"5":3},"b":{"0":[2,13],"1":[15,15,15,13,13,13],"2":[51,47],"3":[1,16],"4":[3,41],"5":[133,26],"6":[159,0],"7":[3,4],"8":[5,1]},"_coverageSchema":"1a1c01bbd47fc00a2c39e90264f33305004495a9","hash":"0c978013b48e12aacd463a59f649d67b32ef00e8"}
}
