{"/home/ruslan/lr3-js/Index.js": {"path":"/home/ruslan/lr3-js/Index.js","statementMap":{"0":{"start":{"line":3,"column":4},"end":{"line":5,"column":5}},"1":{"start":{"line":4,"column":6},"end":{"line":4,"column":45}},"2":{"start":{"line":6,"column":4},"end":{"line":6,"column":17}},"3":{"start":{"line":7,"column":4},"end":{"line":7,"column":33}},"4":{"start":{"line":8,"column":4},"end":{"line":8,"column":27}},"5":{"start":{"line":12,"column":4},"end":{"line":12,"column":58}},"6":{"start":{"line":12,"column":17},"end":{"line":12,"column":58}},"7":{"start":{"line":13,"column":4},"end":{"line":13,"column":23}},"8":{"start":{"line":14,"column":4},"end":{"line":21,"column":5}},"9":{"start":{"line":15,"column":6},"end":{"line":15,"column":50}},"10":{"start":{"line":15,"column":41},"end":{"line":15,"column":50}},"11":{"start":{"line":16,"column":20},"end":{"line":16,"column":52}},"12":{"start":{"line":17,"column":6},"end":{"line":20,"column":7}},"13":{"start":{"line":18,"column":8},"end":{"line":18,"column":60}},"14":{"start":{"line":18,"column":35},"end":{"line":18,"column":60}},"15":{"start":{"line":19,"column":8},"end":{"line":19,"column":41}},"16":{"start":{"line":25,"column":4},"end":{"line":25,"column":49}},"17":{"start":{"line":25,"column":39},"end":{"line":25,"column":49}},"18":{"start":{"line":26,"column":18},"end":{"line":26,"column":50}},"19":{"start":{"line":27,"column":19},"end":{"line":27,"column":28}},"20":{"start":{"line":28,"column":4},"end":{"line":31,"column":5}},"21":{"start":{"line":29,"column":20},"end":{"line":29,"column":46}},"22":{"start":{"line":30,"column":6},"end":{"line":30,"column":40}},"23":{"start":{"line":30,"column":25},"end":{"line":30,"column":38}},"24":{"start":{"line":32,"column":4},"end":{"line":32,"column":23}},"25":{"start":{"line":36,"column":4},"end":{"line":36,"column":27}},"26":{"start":{"line":40,"column":0},"end":{"line":40,"column":23}}},"fnMap":{"0":{"name":"(anonymous_0)","decl":{"start":{"line":2,"column":2},"end":{"line":2,"column":3}},"loc":{"start":{"line":2,"column":30},"end":{"line":9,"column":3}},"line":2},"1":{"name":"(anonymous_1)","decl":{"start":{"line":11,"column":2},"end":{"line":11,"column":3}},"loc":{"start":{"line":11,"column":16},"end":{"line":22,"column":3}},"line":11},"2":{"name":"(anonymous_2)","decl":{"start":{"line":24,"column":2},"end":{"line":24,"column":3}},"loc":{"start":{"line":24,"column":16},"end":{"line":33,"column":3}},"line":24},"3":{"name":"(anonymous_3)","decl":{"start":{"line":30,"column":20},"end":{"line":30,"column":21}},"loc":{"start":{"line":30,"column":25},"end":{"line":30,"column":38}},"line":30},"4":{"name":"(anonymous_4)","decl":{"start":{"line":35,"column":2},"end":{"line":35,"column":3}},"loc":{"start":{"line":35,"column":17},"end":{"line":37,"column":3}},"line":35}},"branchMap":{"0":{"loc":{"start":{"line":3,"column":4},"end":{"line":5,"column":5}},"type":"if","locations":[{"start":{"line":3,"column":4},"end":{"line":5,"column":5}},{"start":{},"end":{}}],"line":3},"1":{"loc":{"start":{"line":3,"column":8},"end":{"line":3,"column":34}},"type":"binary-expr","locations":[{"start":{"line":3,"column":8},"end":{"line":3,"column":15}},{"start":{"line":3,"column":19},"end":{"line":3,"column":34}}],"line":3},"2":{"loc":{"start":{"line":12,"column":4},"end":{"line":12,"column":58}},"type":"if","locations":[{"start":{"line":12,"column":4},"end":{"line":12,"column":58}},{"start":{},"end":{}}],"line":12},"3":{"loc":{"start":{"line":15,"column":6},"end":{"line":15,"column":50}},"type":"if","locations":[{"start":{"line":15,"column":6},"end":{"line":15,"column":50}},{"start":{},"end":{}}],"line":15},"4":{"loc":{"start":{"line":15,"column":10},"end":{"line":15,"column":39}},"type":"binary-expr","locations":[{"start":{"line":15,"column":10},"end":{"line":15,"column":16}},{"start":{"line":15,"column":20},"end":{"line":15,"column":39}}],"line":15},"5":{"loc":{"start":{"line":18,"column":8},"end":{"line":18,"column":60}},"type":"if","locations":[{"start":{"line":18,"column":8},"end":{"line":18,"column":60}},{"start":{},"end":{}}],"line":18},"6":{"loc":{"start":{"line":25,"column":4},"end":{"line":25,"column":49}},"type":"if","locations":[{"start":{"line":25,"column":4},"end":{"line":25,"column":49}},{"start":{},"end":{}}],"line":25},"7":{"loc":{"start":{"line":25,"column":8},"end":{"line":25,"column":37}},"type":"binary-expr","locations":[{"start":{"line":25,"column":8},"end":{"line":25,"column":14}},{"start":{"line":25,"column":18},"end":{"line":25,"column":37}}],"line":25},"8":{"loc":{"start":{"line":29,"column":20},"end":{"line":29,"column":46}},"type":"binary-expr","locations":[{"start":{"line":29,"column":20},"end":{"line":29,"column":40}},{"start":{"line":29,"column":44},"end":{"line":29,"column":46}}],"line":29}},"s":{"0":15,"1":2,"2":13,"3":13,"4":13,"5":17,"6":1,"7":16,"8":16,"9":44,"10":3,"11":41,"12":41,"13":159,"14":133,"15":159,"16":7,"17":3,"18":4,"19":4,"20":4,"21":5,"22":5,"23":7,"24":4,"25":3,"26":1},"f":{"0":15,"1":17,"2":7,"3":7,"4":3},"b":{"0":[2,13],"1":[15,13],"2":[1,16],"3":[3,41],"4":[44,42],"5":[133,26],"6":[3,4],"7":[7,5],"8":[5,1]},"_coverageSchema":"1a1c01bbd47fc00a2c39e90264f33305004495a9","hash":"a7962116ed51f327626d820d15fea0bb687e114a"}
}
