TN:
SF:Index.js
FN:11,(anonymous_0)
FN:22,(anonymous_1)
FN:30,(anonymous_2)
FN:46,(anonymous_3)
FN:52,(anonymous_4)
FN:58,(anonymous_5)
FNF:6
FNH:6
FNDA:15,(anonymous_0)
FNDA:51,(anonymous_1)
FNDA:17,(anonymous_2)
FNDA:7,(anonymous_3)
FNDA:7,(anonymous_4)
FNDA:3,(anonymous_5)
DA:12,15
DA:14,2
DA:16,13
DA:17,13
DA:18,13
DA:23,51
DA:31,17
DA:32,16
DA:33,16
DA:34,44
DA:35,41
DA:36,41
DA:37,159
DA:38,159
DA:39,159
DA:47,7
DA:48,4
DA:49,4
DA:50,4
DA:51,5
DA:52,7
DA:54,4
DA:59,3
DA:63,1
LF:24
LH:24
BRDA:12,0,0,2
BRDA:12,0,1,13
BRDA:12,1,0,15
BRDA:12,1,1,15
BRDA:12,1,2,15
BRDA:12,1,3,13
BRDA:12,1,4,13
BRDA:12,1,5,13
BRDA:23,2,0,51
BRDA:23,2,1,47
BRDA:31,3,0,1
BRDA:31,3,1,16
BRDA:34,4,0,3
BRDA:34,4,1,41
BRDA:37,5,0,133
BRDA:37,5,1,26
BRDA:38,6,0,159
BRDA:38,6,1,0
BRDA:47,7,0,3
BRDA:47,7,1,4
BRDA:51,8,0,5
BRDA:51,8,1,1
BRF:22
BRH:21
end_of_record
