TN:
SF:Index.js
FN:2,(anonymous_0)
FN:11,(anonymous_1)
FN:24,(anonymous_2)
FN:30,(anonymous_3)
FN:35,(anonymous_4)
FNF:5
FNH:5
FNDA:15,(anonymous_0)
FNDA:17,(anonymous_1)
FNDA:7,(anonymous_2)
FNDA:7,(anonymous_3)
FNDA:3,(anonymous_4)
DA:3,15
DA:4,2
DA:6,13
DA:7,13
DA:8,13
DA:12,17
DA:13,16
DA:14,16
DA:15,44
DA:16,41
DA:17,41
DA:18,159
DA:19,159
DA:25,7
DA:26,4
DA:27,4
DA:28,4
DA:29,5
DA:30,7
DA:32,4
DA:36,3
DA:40,1
LF:22
LH:22
BRDA:3,0,0,2
BRDA:3,0,1,13
BRDA:3,1,0,15
BRDA:3,1,1,13
BRDA:12,2,0,1
BRDA:12,2,1,16
BRDA:15,3,0,3
BRDA:15,3,1,41
BRDA:15,4,0,44
BRDA:15,4,1,42
BRDA:18,5,0,133
BRDA:18,5,1,26
BRDA:25,6,0,3
BRDA:25,6,1,4
BRDA:25,7,0,7
BRDA:25,7,1,5
BRDA:29,8,0,5
BRDA:29,8,1,1
BRF:18
BRH:18
end_of_record
